2025-11-19 17:25:09 - INFO - ============================================================
2025-11-19 17:25:09 - INFO - 🔄 SAGA Continuous Sync Started
2025-11-19 17:25:09 - INFO - Interval: 300s | Local → Cloud (bidirectional)
2025-11-19 17:25:09 - INFO - ============================================================
2025-11-19 17:25:09 - INFO - 
============================================================
2025-11-19 17:25:09 - INFO - Sync #1 - 2025-11-19T16:25:09.774851+00:00
2025-11-19 17:25:09 - INFO - ============================================================
2025-11-19 17:25:09 - INFO - ==================================================
2025-11-19 17:25:09 - INFO - 🔷 Syncing Neo4j Graph (Bidirectional)
2025-11-19 17:25:09 - INFO - ==================================================
2025-11-19 17:25:09 - INFO -    Local:  bolt://167.172.185.204:7687
2025-11-19 17:25:09 - INFO -    Cloud:  bolt://167.172.185.204:7687
2025-11-19 17:25:10 - INFO - ✅ Connected to local Neo4j
2025-11-19 17:25:10 - INFO - ✅ Connected to cloud Neo4j
2025-11-19 17:25:10 - INFO - 📌 Syncing Topics (Bidirectional)...
2025-11-19 17:25:10 - INFO -    Local topics: 88
2025-11-19 17:25:10 - INFO -    Cloud topics: 88
2025-11-19 17:25:10 - INFO -    Only local: 0, Only cloud: 0, Both: 88
2025-11-19 17:25:10 - INFO -    ✅ Topics synced: 0⬆️  0⬇️
2025-11-19 17:25:10 - INFO - 📰 Syncing Article Nodes (Bidirectional)...
2025-11-19 17:25:11 - INFO -    Local: 5682 | Cloud: 5682
2025-11-19 17:25:11 - INFO -    Only local: 0, Only cloud: 0
2025-11-19 17:25:11 - INFO -    ✅ Articles synced: 0⬆️  0⬇️
2025-11-19 17:25:11 - INFO - 🔗 Syncing Relationships (Bidirectional)...
2025-11-19 17:25:13 - INFO -    Local: 12443 | Cloud: 12443
2025-11-19 17:25:13 - INFO -    Only local: 0, Only cloud: 0
2025-11-19 17:25:13 - INFO -    ✅ Relationships synced: 0⬆️  0⬇️
2025-11-19 17:25:13 - INFO - 📊 Neo4j Sync Summary:
2025-11-19 17:25:13 - INFO -    Topics:  0⬆️  0⬇️
2025-11-19 17:25:13 - INFO -    Articles: 0⬆️  0⬇️
2025-11-19 17:25:13 - INFO -    Relationships: 0⬆️  0⬇️
2025-11-19 17:25:13 - INFO -    Cloud overwrites (master): 0
2025-11-19 17:25:13 - INFO -    Errors: 0
2025-11-19 17:25:13 - INFO - ==================================================
2025-11-19 17:25:13 - INFO - 📄 Syncing Articles (Bidirectional)
2025-11-19 17:25:13 - INFO - ==================================================
2025-11-19 17:25:13 - INFO -    Fetching from: http://localhost:8002/api/articles/ids
2025-11-19 17:25:14 - INFO -    Fetching from: http://localhost:8002/api/articles/ids
2025-11-19 17:25:15 - INFO -    Fetching from: http://localhost:8002/api/articles/ids
2025-11-19 17:25:16 - INFO -    Fetching from: http://localhost:8002/api/articles/ids
2025-11-19 17:25:16 - INFO -    Fetching from: http://localhost:8002/api/articles/ids
2025-11-19 17:25:17 - INFO -    Fetching from: http://localhost:8002/api/articles/ids
2025-11-19 17:25:18 - INFO -    Fetching from: http://localhost:8002/api/articles/ids
2025-11-19 17:25:19 - INFO -    Fetching from: http://localhost:8002/api/articles/ids
2025-11-19 17:25:20 - INFO -    Fetching from: http://167.172.185.204/api/articles/ids
2025-11-19 17:25:21 - INFO -    Fetching from: http://167.172.185.204/api/articles/ids
2025-11-19 17:25:24 - INFO -    Fetching from: http://167.172.185.204/api/articles/ids
2025-11-19 17:25:26 - INFO -    Fetching from: http://167.172.185.204/api/articles/ids
2025-11-19 17:25:27 - INFO -    Fetching from: http://167.172.185.204/api/articles/ids
2025-11-19 17:25:29 - INFO -    Fetching from: http://167.172.185.204/api/articles/ids
2025-11-19 17:25:31 - INFO -    Fetching from: http://167.172.185.204/api/articles/ids
2025-11-19 17:25:33 - INFO -    Fetching from: http://167.172.185.204/api/articles/ids
2025-11-19 17:25:36 - INFO - Local articles: 75885
2025-11-19 17:25:36 - INFO - Cloud articles: 75885
2025-11-19 17:25:36 - INFO - Only on local: 0
2025-11-19 17:25:36 - INFO - Only on cloud: 0
2025-11-19 17:25:36 - INFO - 📊 Article Sync Summary:
2025-11-19 17:25:36 - INFO -    Local → Cloud: 0
2025-11-19 17:25:36 - INFO -    Cloud → Local: 0
2025-11-19 17:25:36 - INFO -    Errors:        0
2025-11-19 17:25:36 - INFO - 📊 Syncing stats files...
2025-11-19 17:25:36 - ERROR - Stats sync failed: 500 Server Error: Internal Server Error for url: http://167.172.185.204/api/admin/stats/list
2025-11-19 17:25:36 - INFO - 📝 Syncing log files...
2025-11-19 17:25:36 - ERROR - Logs sync failed: 500 Server Error: Internal Server Error for url: http://167.172.185.204/api/admin/logs/list
2025-11-19 17:25:36 - INFO - ✅ Sync #1 complete
2025-11-19 17:25:36 - INFO - ⏳ Next sync in 300s...
2025-11-19 17:30:36 - INFO - 
============================================================
2025-11-19 17:30:36 - INFO - Sync #2 - 2025-11-19T16:30:36.986055+00:00
2025-11-19 17:30:36 - INFO - ============================================================
2025-11-19 17:30:36 - INFO - ==================================================
2025-11-19 17:30:36 - INFO - 🔷 Syncing Neo4j Graph (Bidirectional)
2025-11-19 17:30:36 - INFO - ==================================================
2025-11-19 17:30:36 - INFO -    Local:  bolt://167.172.185.204:7687
2025-11-19 17:30:36 - INFO -    Cloud:  bolt://167.172.185.204:7687
2025-11-19 17:30:37 - INFO - ✅ Connected to local Neo4j
2025-11-19 17:30:37 - INFO - ✅ Connected to cloud Neo4j
2025-11-19 17:30:37 - INFO - 📌 Syncing Topics (Bidirectional)...
2025-11-19 17:30:37 - INFO -    Local topics: 88
2025-11-19 17:30:37 - INFO -    Cloud topics: 88
2025-11-19 17:30:37 - INFO -    Only local: 0, Only cloud: 0, Both: 88
2025-11-19 17:30:37 - INFO -    ✅ Topics synced: 0⬆️  0⬇️
2025-11-19 17:30:37 - INFO - 📰 Syncing Article Nodes (Bidirectional)...
2025-11-19 17:30:39 - INFO -    Local: 5686 | Cloud: 5686
2025-11-19 17:30:39 - INFO -    Only local: 0, Only cloud: 0
2025-11-19 17:30:39 - INFO -    ✅ Articles synced: 0⬆️  0⬇️
2025-11-19 17:30:39 - INFO - 🔗 Syncing Relationships (Bidirectional)...
2025-11-19 17:30:41 - INFO -    Local: 12448 | Cloud: 12448
2025-11-19 17:30:41 - INFO -    Only local: 0, Only cloud: 0
2025-11-19 17:30:41 - INFO -    ✅ Relationships synced: 0⬆️  0⬇️
2025-11-19 17:30:41 - INFO - 📊 Neo4j Sync Summary:
2025-11-19 17:30:41 - INFO -    Topics:  0⬆️  0⬇️
2025-11-19 17:30:41 - INFO -    Articles: 0⬆️  0⬇️
2025-11-19 17:30:41 - INFO -    Relationships: 0⬆️  0⬇️
2025-11-19 17:30:41 - INFO -    Cloud overwrites (master): 0
2025-11-19 17:30:41 - INFO -    Errors: 0
2025-11-19 17:30:41 - INFO - ==================================================
2025-11-19 17:30:41 - INFO - 📄 Syncing Articles (Bidirectional)
2025-11-19 17:30:41 - INFO - ==================================================
2025-11-19 17:30:41 - INFO -    Fetching from: http://localhost:8002/api/articles/ids
2025-11-19 17:30:42 - INFO -    Fetching from: http://localhost:8002/api/articles/ids
2025-11-19 17:30:43 - INFO -    Fetching from: http://localhost:8002/api/articles/ids
2025-11-19 17:30:44 - INFO -    Fetching from: http://localhost:8002/api/articles/ids
2025-11-19 17:30:44 - INFO -    Fetching from: http://localhost:8002/api/articles/ids
2025-11-19 17:30:45 - INFO -    Fetching from: http://localhost:8002/api/articles/ids
2025-11-19 17:30:46 - INFO -    Fetching from: http://localhost:8002/api/articles/ids
2025-11-19 17:30:46 - INFO -    Fetching from: http://localhost:8002/api/articles/ids
2025-11-19 17:30:47 - INFO -    Fetching from: http://167.172.185.204/api/articles/ids
2025-11-19 17:31:01 - ERROR - Failed to get IDs from http://167.172.185.204/api/articles/ids: 502
2025-11-19 17:31:01 - ERROR - Response: <html>
<head><title>502 Bad Gateway</title></head>
<body>
<center><h1>502 Bad Gateway</h1></center>
<hr><center>nginx/1.29.3</center>
</body>
</html>

2025-11-19 17:31:01 - INFO - Local articles: 75885
2025-11-19 17:31:02 - INFO - Cloud articles: 0
2025-11-19 17:31:02 - INFO - Only on local: 75885
2025-11-19 17:31:02 - INFO - Only on cloud: 0
2025-11-19 17:31:02 - INFO - ⬆️  Uploading 75885 articles to cloud...
2025-11-19 17:31:06 - ERROR - Bulk upload failed: 502 - <html>
<head><title>502 Bad Gateway</title></head>
<body>
<center><h1>502 Bad Gateway</h1></center>
<hr><center>nginx/1.29.3</center>
</body>
</html>

2025-11-19 17:31:06 - INFO -    Batch 1: 0 imported
2025-11-19 17:31:11 - ERROR - Bulk upload failed: 502 - <html>
<head><title>502 Bad Gateway</title></head>
<body>
<center><h1>502 Bad Gateway</h1></center>
<hr><center>nginx/1.29.3</center>
</body>
</html>

2025-11-19 17:31:11 - INFO -    Batch 2: 0 imported
2025-11-19 17:31:16 - ERROR - Bulk upload failed: 502 - <html>
<head><title>502 Bad Gateway</title></head>
<body>
<center><h1>502 Bad Gateway</h1></center>
<hr><center>nginx/1.29.3</center>
</body>
</html>

2025-11-19 17:31:16 - INFO -    Batch 3: 0 imported
2025-11-19 17:31:20 - ERROR - Bulk upload failed: 502 - <html>
<head><title>502 Bad Gateway</title></head>
<body>
<center><h1>502 Bad Gateway</h1></center>
<hr><center>nginx/1.29.3</center>
</body>
</html>

2025-11-19 17:31:20 - INFO -    Batch 4: 0 imported
2025-11-19 17:31:25 - ERROR - Bulk upload failed: 502 - <html>
<head><title>502 Bad Gateway</title></head>
<body>
<center><h1>502 Bad Gateway</h1></center>
<hr><center>nginx/1.29.3</center>
</body>
</html>

2025-11-19 17:31:25 - INFO -    Batch 5: 0 imported
2025-11-19 17:31:29 - ERROR - Bulk upload failed: 502 - <html>
<head><title>502 Bad Gateway</title></head>
<body>
<center><h1>502 Bad Gateway</h1></center>
<hr><center>nginx/1.29.3</center>
</body>
</html>

2025-11-19 17:31:29 - INFO -    Batch 6: 0 imported
2025-11-19 17:31:34 - ERROR - Bulk upload failed: 502 - <html>
<head><title>502 Bad Gateway</title></head>
<body>
<center><h1>502 Bad Gateway</h1></center>
<hr><center>nginx/1.29.3</center>
</body>
</html>

2025-11-19 17:31:34 - INFO -    Batch 7: 0 imported
2025-11-19 17:31:38 - ERROR - Bulk upload failed: 502 - <html>
<head><title>502 Bad Gateway</title></head>
<body>
<center><h1>502 Bad Gateway</h1></center>
<hr><center>nginx/1.29.3</center>
</body>
</html>

2025-11-19 17:31:38 - INFO -    Batch 8: 0 imported
2025-11-19 17:31:43 - ERROR - Bulk upload failed: 502 - <html>
<head><title>502 Bad Gateway</title></head>
<body>
<center><h1>502 Bad Gateway</h1></center>
<hr><center>nginx/1.29.3</center>
</body>
</html>

2025-11-19 17:31:43 - INFO -    Batch 9: 0 imported
2025-11-19 17:31:48 - ERROR - Bulk upload failed: 502 - <html>
<head><title>502 Bad Gateway</title></head>
<body>
<center><h1>502 Bad Gateway</h1></center>
<hr><center>nginx/1.29.3</center>
</body>
</html>

2025-11-19 17:31:48 - INFO -    Batch 10: 0 imported
2025-11-19 17:31:52 - ERROR - Bulk upload failed: 502 - <html>
<head><title>502 Bad Gateway</title></head>
<body>
<center><h1>502 Bad Gateway</h1></center>
<hr><center>nginx/1.29.3</center>
</body>
</html>

2025-11-19 17:31:52 - INFO -    Batch 11: 0 imported
2025-11-19 17:31:57 - ERROR - Bulk upload failed: 502 - <html>
<head><title>502 Bad Gateway</title></head>
<body>
<center><h1>502 Bad Gateway</h1></center>
<hr><center>nginx/1.29.3</center>
</body>
</html>

2025-11-19 17:31:57 - INFO -    Batch 12: 0 imported
2025-11-19 17:32:02 - ERROR - Bulk upload failed: 502 - <html>
<head><title>502 Bad Gateway</title></head>
<body>
<center><h1>502 Bad Gateway</h1></center>
<hr><center>nginx/1.29.3</center>
</body>
</html>

2025-11-19 17:32:02 - INFO -    Batch 13: 0 imported
2025-11-19 17:32:06 - ERROR - Bulk upload failed: 502 - <html>
<head><title>502 Bad Gateway</title></head>
<body>
<center><h1>502 Bad Gateway</h1></center>
<hr><center>nginx/1.29.3</center>
</body>
</html>

2025-11-19 17:32:06 - INFO -    Batch 14: 0 imported
2025-11-19 17:32:11 - ERROR - Bulk upload failed: 502 - <html>
<head><title>502 Bad Gateway</title></head>
<body>
<center><h1>502 Bad Gateway</h1></center>
<hr><center>nginx/1.29.3</center>
</body>
</html>

2025-11-19 17:32:11 - INFO -    Batch 15: 0 imported
2025-11-19 17:32:16 - ERROR - Bulk upload failed: 502 - <html>
<head><title>502 Bad Gateway</title></head>
<body>
<center><h1>502 Bad Gateway</h1></center>
<hr><center>nginx/1.29.3</center>
</body>
</html>

2025-11-19 17:32:16 - INFO -    Batch 16: 0 imported
2025-11-19 17:32:21 - ERROR - Bulk upload failed: 502 - <html>
<head><title>502 Bad Gateway</title></head>
<body>
<center><h1>502 Bad Gateway</h1></center>
<hr><center>nginx/1.29.3</center>
</body>
</html>

2025-11-19 17:32:21 - INFO -    Batch 17: 0 imported
2025-11-19 17:32:25 - ERROR - Bulk upload failed: 502 - <html>
<head><title>502 Bad Gateway</title></head>
<body>
<center><h1>502 Bad Gateway</h1></center>
<hr><center>nginx/1.29.3</center>
</body>
</html>

2025-11-19 17:32:25 - INFO -    Batch 18: 0 imported
2025-11-19 17:32:30 - ERROR - Bulk upload failed: 502 - <html>
<head><title>502 Bad Gateway</title></head>
<body>
<center><h1>502 Bad Gateway</h1></center>
<hr><center>nginx/1.29.3</center>
</body>
</html>

2025-11-19 17:32:30 - INFO -    Batch 19: 0 imported
2025-11-19 17:32:34 - ERROR - Bulk upload failed: 502 - <html>
<head><title>502 Bad Gateway</title></head>
<body>
<center><h1>502 Bad Gateway</h1></center>
<hr><center>nginx/1.29.3</center>
</body>
</html>

2025-11-19 17:32:34 - INFO -    Batch 20: 0 imported
2025-11-19 17:32:39 - ERROR - Bulk upload failed: 502 - <html>
<head><title>502 Bad Gateway</title></head>
<body>
<center><h1>502 Bad Gateway</h1></center>
<hr><center>nginx/1.29.3</center>
</body>
</html>

2025-11-19 17:32:39 - INFO -    Batch 21: 0 imported
2025-11-19 17:32:44 - ERROR - Bulk upload failed: 502 - <html>
<head><title>502 Bad Gateway</title></head>
<body>
<center><h1>502 Bad Gateway</h1></center>
<hr><center>nginx/1.29.3</center>
</body>
</html>

2025-11-19 17:32:44 - INFO -    Batch 22: 0 imported
2025-11-19 17:32:48 - ERROR - Bulk upload failed: 502 - <html>
<head><title>502 Bad Gateway</title></head>
<body>
<center><h1>502 Bad Gateway</h1></center>
<hr><center>nginx/1.29.3</center>
</body>
</html>

2025-11-19 17:32:48 - INFO -    Batch 23: 0 imported
2025-11-19 17:32:53 - ERROR - Bulk upload failed: 502 - <html>
<head><title>502 Bad Gateway</title></head>
<body>
<center><h1>502 Bad Gateway</h1></center>
<hr><center>nginx/1.29.3</center>
</body>
</html>

2025-11-19 17:32:53 - INFO -    Batch 24: 0 imported
2025-11-19 17:32:57 - ERROR - Bulk upload failed: 502 - <html>
<head><title>502 Bad Gateway</title></head>
<body>
<center><h1>502 Bad Gateway</h1></center>
<hr><center>nginx/1.29.3</center>
</body>
</html>

2025-11-19 17:32:57 - INFO -    Batch 25: 0 imported
2025-11-19 17:33:02 - ERROR - Bulk upload failed: 502 - <html>
<head><title>502 Bad Gateway</title></head>
<body>
<center><h1>502 Bad Gateway</h1></center>
<hr><center>nginx/1.29.3</center>
</body>
</html>

2025-11-19 17:33:02 - INFO -    Batch 26: 0 imported
2025-11-19 17:33:07 - ERROR - Bulk upload failed: 502 - <html>
<head><title>502 Bad Gateway</title></head>
<body>
<center><h1>502 Bad Gateway</h1></center>
<hr><center>nginx/1.29.3</center>
</body>
</html>

2025-11-19 17:33:07 - INFO -    Batch 27: 0 imported
2025-11-19 17:33:11 - ERROR - Bulk upload failed: 502 - <html>
<head><title>502 Bad Gateway</title></head>
<body>
<center><h1>502 Bad Gateway</h1></center>
<hr><center>nginx/1.29.3</center>
</body>
</html>

2025-11-19 17:33:11 - INFO -    Batch 28: 0 imported
2025-11-19 17:33:13 - ERROR - Bulk upload failed: 502 - <html>
<head><title>502 Bad Gateway</title></head>
<body>
<center><h1>502 Bad Gateway</h1></center>
<hr><center>nginx/1.29.3</center>
</body>
</html>

2025-11-19 17:33:13 - INFO -    Batch 29: 0 imported
2025-11-19 17:33:14 - ERROR - Bulk upload failed: 502 - <html>
<head><title>502 Bad Gateway</title></head>
<body>
<center><h1>502 Bad Gateway</h1></center>
<hr><center>nginx/1.29.3</center>
</body>
</html>

2025-11-19 17:33:14 - INFO -    Batch 30: 0 imported
2025-11-19 17:33:15 - ERROR - Bulk upload failed: 502 - <html>
<head><title>502 Bad Gateway</title></head>
<body>
<center><h1>502 Bad Gateway</h1></center>
<hr><center>nginx/1.29.3</center>
</body>
</html>

2025-11-19 17:33:15 - INFO -    Batch 31: 0 imported
2025-11-19 17:33:17 - ERROR - Bulk upload failed: 502 - <html>
<head><title>502 Bad Gateway</title></head>
<body>
<center><h1>502 Bad Gateway</h1></center>
<hr><center>nginx/1.29.3</center>
</body>
</html>

2025-11-19 17:33:17 - INFO -    Batch 32: 0 imported
2025-11-19 17:33:18 - ERROR - Bulk upload failed: 502 - <html>
<head><title>502 Bad Gateway</title></head>
<body>
<center><h1>502 Bad Gateway</h1></center>
<hr><center>nginx/1.29.3</center>
</body>
</html>

2025-11-19 17:33:18 - INFO -    Batch 33: 0 imported
2025-11-19 17:33:20 - ERROR - Bulk upload failed: 502 - <html>
<head><title>502 Bad Gateway</title></head>
<body>
<center><h1>502 Bad Gateway</h1></center>
<hr><center>nginx/1.29.3</center>
</body>
</html>

2025-11-19 17:33:20 - INFO -    Batch 34: 0 imported
2025-11-19 17:33:21 - ERROR - Bulk upload failed: 502 - <html>
<head><title>502 Bad Gateway</title></head>
<body>
<center><h1>502 Bad Gateway</h1></center>
<hr><center>nginx/1.29.3</center>
</body>
</html>

2025-11-19 17:33:21 - INFO -    Batch 35: 0 imported
2025-11-19 17:33:23 - ERROR - Bulk upload failed: 502 - <html>
<head><title>502 Bad Gateway</title></head>
<body>
<center><h1>502 Bad Gateway</h1></center>
<hr><center>nginx/1.29.3</center>
</body>
</html>

2025-11-19 17:33:23 - INFO -    Batch 36: 0 imported
2025-11-19 17:33:24 - ERROR - Bulk upload failed: 502 - <html>
<head><title>502 Bad Gateway</title></head>
<body>
<center><h1>502 Bad Gateway</h1></center>
<hr><center>nginx/1.29.3</center>
</body>
</html>

2025-11-19 17:33:24 - INFO -    Batch 37: 0 imported
2025-11-19 17:33:25 - ERROR - Bulk upload failed: 502 - <html>
<head><title>502 Bad Gateway</title></head>
<body>
<center><h1>502 Bad Gateway</h1></center>
<hr><center>nginx/1.29.3</center>
</body>
</html>

2025-11-19 17:33:25 - INFO -    Batch 38: 0 imported
2025-11-19 17:33:27 - ERROR - Bulk upload failed: 502 - <html>
<head><title>502 Bad Gateway</title></head>
<body>
<center><h1>502 Bad Gateway</h1></center>
<hr><center>nginx/1.29.3</center>
</body>
</html>

2025-11-19 17:33:27 - INFO -    Batch 39: 0 imported
2025-11-19 17:33:28 - ERROR - Bulk upload failed: 502 - <html>
<head><title>502 Bad Gateway</title></head>
<body>
<center><h1>502 Bad Gateway</h1></center>
<hr><center>nginx/1.29.3</center>
</body>
</html>

2025-11-19 17:33:28 - INFO -    Batch 40: 0 imported
2025-11-19 17:33:30 - ERROR - Bulk upload failed: 502 - <html>
<head><title>502 Bad Gateway</title></head>
<body>
<center><h1>502 Bad Gateway</h1></center>
<hr><center>nginx/1.29.3</center>
</body>
</html>

2025-11-19 17:33:30 - INFO -    Batch 41: 0 imported
2025-11-19 17:33:31 - ERROR - Bulk upload failed: 502 - <html>
<head><title>502 Bad Gateway</title></head>
<body>
<center><h1>502 Bad Gateway</h1></center>
<hr><center>nginx/1.29.3</center>
</body>
</html>

2025-11-19 17:33:31 - INFO -    Batch 42: 0 imported
2025-11-19 17:33:32 - ERROR - Bulk upload failed: 502 - <html>
<head><title>502 Bad Gateway</title></head>
<body>
<center><h1>502 Bad Gateway</h1></center>
<hr><center>nginx/1.29.3</center>
</body>
</html>

2025-11-19 17:33:32 - INFO -    Batch 43: 0 imported
2025-11-19 17:33:33 - ERROR - Bulk upload failed: 502 - <html>
<head><title>502 Bad Gateway</title></head>
<body>
<center><h1>502 Bad Gateway</h1></center>
<hr><center>nginx/1.29.3</center>
</body>
</html>

2025-11-19 17:33:33 - INFO -    Batch 44: 0 imported
2025-11-19 17:33:35 - ERROR - Bulk upload failed: 502 - <html>
<head><title>502 Bad Gateway</title></head>
<body>
<center><h1>502 Bad Gateway</h1></center>
<hr><center>nginx/1.29.3</center>
</body>
</html>

2025-11-19 17:33:35 - INFO -    Batch 45: 0 imported
2025-11-19 17:33:36 - ERROR - Bulk upload failed: 502 - <html>
<head><title>502 Bad Gateway</title></head>
<body>
<center><h1>502 Bad Gateway</h1></center>
<hr><center>nginx/1.29.3</center>
</body>
</html>

2025-11-19 17:33:36 - INFO -    Batch 46: 0 imported
2025-11-19 17:33:37 - ERROR - Bulk upload failed: 502 - <html>
<head><title>502 Bad Gateway</title></head>
<body>
<center><h1>502 Bad Gateway</h1></center>
<hr><center>nginx/1.29.3</center>
</body>
</html>

2025-11-19 17:33:37 - INFO -    Batch 47: 0 imported
2025-11-19 17:33:39 - ERROR - Bulk upload failed: 502 - <html>
<head><title>502 Bad Gateway</title></head>
<body>
<center><h1>502 Bad Gateway</h1></center>
<hr><center>nginx/1.29.3</center>
</body>
</html>

2025-11-19 17:33:39 - INFO -    Batch 48: 0 imported
2025-11-19 17:33:40 - ERROR - Bulk upload failed: 502 - <html>
<head><title>502 Bad Gateway</title></head>
<body>
<center><h1>502 Bad Gateway</h1></center>
<hr><center>nginx/1.29.3</center>
</body>
</html>

2025-11-19 17:33:40 - INFO -    Batch 49: 0 imported
2025-11-19 17:33:41 - ERROR - Bulk upload failed: 502 - <html>
<head><title>502 Bad Gateway</title></head>
<body>
<center><h1>502 Bad Gateway</h1></center>
<hr><center>nginx/1.29.3</center>
</body>
</html>

2025-11-19 17:33:41 - INFO -    Batch 50: 0 imported
2025-11-19 17:33:43 - ERROR - Bulk upload failed: 502 - <html>
<head><title>502 Bad Gateway</title></head>
<body>
<center><h1>502 Bad Gateway</h1></center>
<hr><center>nginx/1.29.3</center>
</body>
</html>

2025-11-19 17:33:43 - INFO -    Batch 51: 0 imported
2025-11-19 17:33:44 - ERROR - Bulk upload failed: 502 - <html>
<head><title>502 Bad Gateway</title></head>
<body>
<center><h1>502 Bad Gateway</h1></center>
<hr><center>nginx/1.29.3</center>
</body>
</html>

2025-11-19 17:33:44 - INFO -    Batch 52: 0 imported
2025-11-19 17:33:45 - ERROR - Bulk upload failed: 502 - <html>
<head><title>502 Bad Gateway</title></head>
<body>
<center><h1>502 Bad Gateway</h1></center>
<hr><center>nginx/1.29.3</center>
</body>
</html>

2025-11-19 17:33:45 - INFO -    Batch 53: 0 imported
2025-11-19 17:33:47 - ERROR - Bulk upload failed: 502 - <html>
<head><title>502 Bad Gateway</title></head>
<body>
<center><h1>502 Bad Gateway</h1></center>
<hr><center>nginx/1.29.3</center>
</body>
</html>

2025-11-19 17:33:47 - INFO -    Batch 54: 0 imported
2025-11-19 17:33:48 - ERROR - Bulk upload failed: 502 - <html>
<head><title>502 Bad Gateway</title></head>
<body>
<center><h1>502 Bad Gateway</h1></center>
<hr><center>nginx/1.29.3</center>
</body>
</html>

2025-11-19 17:33:48 - INFO -    Batch 55: 0 imported
2025-11-19 17:33:49 - ERROR - Bulk upload failed: 502 - <html>
<head><title>502 Bad Gateway</title></head>
<body>
<center><h1>502 Bad Gateway</h1></center>
<hr><center>nginx/1.29.3</center>
</body>
</html>

2025-11-19 17:33:49 - INFO -    Batch 56: 0 imported
2025-11-19 17:33:51 - ERROR - Bulk upload failed: 502 - <html>
<head><title>502 Bad Gateway</title></head>
<body>
<center><h1>502 Bad Gateway</h1></center>
<hr><center>nginx/1.29.3</center>
</body>
</html>

2025-11-19 17:33:51 - INFO -    Batch 57: 0 imported
2025-11-19 17:33:52 - ERROR - Bulk upload failed: 502 - <html>
<head><title>502 Bad Gateway</title></head>
<body>
<center><h1>502 Bad Gateway</h1></center>
<hr><center>nginx/1.29.3</center>
</body>
</html>

2025-11-19 17:33:52 - INFO -    Batch 58: 0 imported
2025-11-19 17:33:54 - ERROR - Bulk upload failed: 502 - <html>
<head><title>502 Bad Gateway</title></head>
<body>
<center><h1>502 Bad Gateway</h1></center>
<hr><center>nginx/1.29.3</center>
</body>
</html>

2025-11-19 17:33:54 - INFO -    Batch 59: 0 imported
2025-11-19 17:33:55 - ERROR - Bulk upload failed: 502 - <html>
<head><title>502 Bad Gateway</title></head>
<body>
<center><h1>502 Bad Gateway</h1></center>
<hr><center>nginx/1.29.3</center>
</body>
</html>

2025-11-19 17:33:55 - INFO -    Batch 60: 0 imported
2025-11-19 17:33:57 - ERROR - Bulk upload failed: 502 - <html>
<head><title>502 Bad Gateway</title></head>
<body>
<center><h1>502 Bad Gateway</h1></center>
<hr><center>nginx/1.29.3</center>
</body>
</html>

2025-11-19 17:33:57 - INFO -    Batch 61: 0 imported
2025-11-19 17:33:58 - ERROR - Bulk upload failed: 502 - <html>
<head><title>502 Bad Gateway</title></head>
<body>
<center><h1>502 Bad Gateway</h1></center>
<hr><center>nginx/1.29.3</center>
</body>
</html>

2025-11-19 17:33:58 - INFO -    Batch 62: 0 imported
2025-11-19 17:33:59 - ERROR - Bulk upload failed: 502 - <html>
<head><title>502 Bad Gateway</title></head>
<body>
<center><h1>502 Bad Gateway</h1></center>
<hr><center>nginx/1.29.3</center>
</body>
</html>

2025-11-19 17:33:59 - INFO -    Batch 63: 0 imported
2025-11-19 17:34:01 - ERROR - Bulk upload failed: 502 - <html>
<head><title>502 Bad Gateway</title></head>
<body>
<center><h1>502 Bad Gateway</h1></center>
<hr><center>nginx/1.29.3</center>
</body>
</html>

2025-11-19 17:34:01 - INFO -    Batch 64: 0 imported
2025-11-19 17:34:02 - ERROR - Bulk upload failed: 502 - <html>
<head><title>502 Bad Gateway</title></head>
<body>
<center><h1>502 Bad Gateway</h1></center>
<hr><center>nginx/1.29.3</center>
</body>
</html>

2025-11-19 17:34:02 - INFO -    Batch 65: 0 imported
2025-11-19 17:34:03 - ERROR - Bulk upload failed: 502 - <html>
<head><title>502 Bad Gateway</title></head>
<body>
<center><h1>502 Bad Gateway</h1></center>
<hr><center>nginx/1.29.3</center>
</body>
</html>

2025-11-19 17:34:03 - INFO -    Batch 66: 0 imported
2025-11-19 17:34:05 - ERROR - Bulk upload failed: 502 - <html>
<head><title>502 Bad Gateway</title></head>
<body>
<center><h1>502 Bad Gateway</h1></center>
<hr><center>nginx/1.29.3</center>
</body>
</html>

2025-11-19 17:34:05 - INFO -    Batch 67: 0 imported
2025-11-19 17:34:06 - ERROR - Bulk upload failed: 502 - <html>
<head><title>502 Bad Gateway</title></head>
<body>
<center><h1>502 Bad Gateway</h1></center>
<hr><center>nginx/1.29.3</center>
</body>
</html>

2025-11-19 17:34:06 - INFO -    Batch 68: 0 imported
2025-11-19 17:34:07 - ERROR - Bulk upload failed: 502 - <html>
<head><title>502 Bad Gateway</title></head>
<body>
<center><h1>502 Bad Gateway</h1></center>
<hr><center>nginx/1.29.3</center>
</body>
</html>

2025-11-19 17:34:07 - INFO -    Batch 69: 0 imported
2025-11-19 17:34:09 - ERROR - Bulk upload failed: 502 - <html>
<head><title>502 Bad Gateway</title></head>
<body>
<center><h1>502 Bad Gateway</h1></center>
<hr><center>nginx/1.29.3</center>
</body>
</html>

2025-11-19 17:34:09 - INFO -    Batch 70: 0 imported
2025-11-19 17:34:10 - ERROR - Bulk upload failed: 502 - <html>
<head><title>502 Bad Gateway</title></head>
<body>
<center><h1>502 Bad Gateway</h1></center>
<hr><center>nginx/1.29.3</center>
</body>
</html>

2025-11-19 17:34:10 - INFO -    Batch 71: 0 imported
2025-11-19 17:34:11 - ERROR - Bulk upload failed: 502 - <html>
<head><title>502 Bad Gateway</title></head>
<body>
<center><h1>502 Bad Gateway</h1></center>
<hr><center>nginx/1.29.3</center>
</body>
</html>

2025-11-19 17:34:11 - INFO -    Batch 72: 0 imported
2025-11-19 17:34:12 - ERROR - Bulk upload failed: 502 - <html>
<head><title>502 Bad Gateway</title></head>
<body>
<center><h1>502 Bad Gateway</h1></center>
<hr><center>nginx/1.29.3</center>
</body>
</html>

2025-11-19 17:34:12 - INFO -    Batch 73: 0 imported
2025-11-19 17:34:14 - ERROR - Bulk upload failed: 502 - <html>
<head><title>502 Bad Gateway</title></head>
<body>
<center><h1>502 Bad Gateway</h1></center>
<hr><center>nginx/1.29.3</center>
</body>
</html>

2025-11-19 17:34:14 - INFO -    Batch 74: 0 imported
2025-11-19 17:34:15 - ERROR - Bulk upload failed: 502 - <html>
<head><title>502 Bad Gateway</title></head>
<body>
<center><h1>502 Bad Gateway</h1></center>
<hr><center>nginx/1.29.3</center>
</body>
</html>

2025-11-19 17:34:15 - INFO -    Batch 75: 0 imported
2025-11-19 17:34:16 - ERROR - Bulk upload failed: 502 - <html>
<head><title>502 Bad Gateway</title></head>
<body>
<center><h1>502 Bad Gateway</h1></center>
<hr><center>nginx/1.29.3</center>
</body>
</html>

2025-11-19 17:34:16 - INFO -    Batch 76: 0 imported
2025-11-19 17:34:18 - ERROR - Bulk upload failed: 502 - <html>
<head><title>502 Bad Gateway</title></head>
<body>
<center><h1>502 Bad Gateway</h1></center>
<hr><center>nginx/1.29.3</center>
</body>
</html>

2025-11-19 17:34:18 - INFO -    Batch 77: 0 imported
2025-11-19 17:34:19 - ERROR - Bulk upload failed: 502 - <html>
<head><title>502 Bad Gateway</title></head>
<body>
<center><h1>502 Bad Gateway</h1></center>
<hr><center>nginx/1.29.3</center>
</body>
</html>

2025-11-19 17:34:19 - INFO -    Batch 78: 0 imported
2025-11-19 17:34:20 - ERROR - Bulk upload failed: 502 - <html>
<head><title>502 Bad Gateway</title></head>
<body>
<center><h1>502 Bad Gateway</h1></center>
<hr><center>nginx/1.29.3</center>
</body>
</html>

2025-11-19 17:34:20 - INFO -    Batch 79: 0 imported
2025-11-19 17:34:21 - ERROR - Bulk upload failed: 502 - <html>
<head><title>502 Bad Gateway</title></head>
<body>
<center><h1>502 Bad Gateway</h1></center>
<hr><center>nginx/1.29.3</center>
</body>
</html>

2025-11-19 17:34:21 - INFO -    Batch 80: 0 imported
2025-11-19 17:34:25 - ERROR - Bulk upload failed: 502 - <html>
<head><title>502 Bad Gateway</title></head>
<body>
<center><h1>502 Bad Gateway</h1></center>
<hr><center>nginx/1.29.3</center>
</body>
</html>

2025-11-19 17:34:25 - INFO -    Batch 81: 0 imported
2025-11-19 17:34:27 - ERROR - Bulk upload failed: 502 - <html>
<head><title>502 Bad Gateway</title></head>
<body>
<center><h1>502 Bad Gateway</h1></center>
<hr><center>nginx/1.29.3</center>
</body>
</html>

2025-11-19 17:34:27 - INFO -    Batch 82: 0 imported
2025-11-19 17:34:28 - ERROR - Bulk upload failed: 502 - <html>
<head><title>502 Bad Gateway</title></head>
<body>
<center><h1>502 Bad Gateway</h1></center>
<hr><center>nginx/1.29.3</center>
</body>
</html>

2025-11-19 17:34:28 - INFO -    Batch 83: 0 imported
2025-11-19 17:34:29 - ERROR - Bulk upload failed: 502 - <html>
<head><title>502 Bad Gateway</title></head>
<body>
<center><h1>502 Bad Gateway</h1></center>
<hr><center>nginx/1.29.3</center>
</body>
</html>

2025-11-19 17:34:29 - INFO -    Batch 84: 0 imported
2025-11-19 17:34:31 - ERROR - Bulk upload failed: 502 - <html>
<head><title>502 Bad Gateway</title></head>
<body>
<center><h1>502 Bad Gateway</h1></center>
<hr><center>nginx/1.29.3</center>
</body>
</html>

2025-11-19 17:34:31 - INFO -    Batch 85: 0 imported
2025-11-19 17:34:32 - ERROR - Bulk upload failed: 502 - <html>
<head><title>502 Bad Gateway</title></head>
<body>
<center><h1>502 Bad Gateway</h1></center>
<hr><center>nginx/1.29.3</center>
</body>
</html>

2025-11-19 17:34:32 - INFO -    Batch 86: 0 imported
2025-11-19 17:34:34 - ERROR - Bulk upload failed: 502 - <html>
<head><title>502 Bad Gateway</title></head>
<body>
<center><h1>502 Bad Gateway</h1></center>
<hr><center>nginx/1.29.3</center>
</body>
</html>

2025-11-19 17:34:34 - INFO -    Batch 87: 0 imported
2025-11-19 17:34:35 - ERROR - Bulk upload failed: 502 - <html>
<head><title>502 Bad Gateway</title></head>
<body>
<center><h1>502 Bad Gateway</h1></center>
<hr><center>nginx/1.29.3</center>
</body>
</html>

2025-11-19 17:34:35 - INFO -    Batch 88: 0 imported
2025-11-19 17:34:36 - ERROR - Bulk upload failed: 502 - <html>
<head><title>502 Bad Gateway</title></head>
<body>
<center><h1>502 Bad Gateway</h1></center>
<hr><center>nginx/1.29.3</center>
</body>
</html>

2025-11-19 17:34:36 - INFO -    Batch 89: 0 imported
2025-11-19 17:34:38 - ERROR - Bulk upload failed: 502 - <html>
<head><title>502 Bad Gateway</title></head>
<body>
<center><h1>502 Bad Gateway</h1></center>
<hr><center>nginx/1.29.3</center>
</body>
</html>

2025-11-19 17:34:38 - INFO -    Batch 90: 0 imported
2025-11-19 17:34:39 - ERROR - Bulk upload failed: 502 - <html>
<head><title>502 Bad Gateway</title></head>
<body>
<center><h1>502 Bad Gateway</h1></center>
<hr><center>nginx/1.29.3</center>
</body>
</html>

2025-11-19 17:34:39 - INFO -    Batch 91: 0 imported
